<?xml version="1.0" encoding="UTF-8"?>
<testsuite name="com.example.expensely_backend.ExpenselyBackendApplicationTests" tests="1" skipped="0" failures="0" errors="0" timestamp="2025-06-06T22:41:48.711Z" hostname="Nikhils-Mac.local" time="0.228">
  <properties/>
  <testcase name="contextLoads()" classname="com.example.expensely_backend.ExpenselyBackendApplicationTests" time="0.228"/>
  <system-out><![CDATA[18:41:45.198 [Test worker] INFO org.springframework.test.context.support.AnnotationConfigContextLoaderUtils -- Could not detect default configuration classes for test class [com.example.expensely_backend.ExpenselyBackendApplicationTests]: ExpenselyBackendApplicationTests does not declare any static, non-private, non-final, nested classes annotated with @Configuration.
18:41:45.236 [Test worker] INFO org.springframework.boot.test.context.SpringBootTestContextBootstrapper -- Found @SpringBootConfiguration com.example.expensely_backend.ExpenselyBackendApplication for test class com.example.expensely_backend.ExpenselyBackendApplicationTests

  .   ____          _            __ _ _
 /\\ / ___'_ __ _ _(_)_ __  __ _ \ \ \ \
( ( )\___ | '_ | '_| | '_ \/ _` | \ \ \ \
 \\/  ___)| |_)| | | | | || (_| |  ) ) ) )
  '  |____| .__|_| |_|_| |_\__, | / / / /
 =========|_|==============|___/=/_/_/_/

 :: Spring Boot ::                (v3.5.0)

2025-06-06T18:41:45.375-04:00  INFO 70621 --- [expensely_backend] [    Test worker] c.e.e.ExpenselyBackendApplicationTests   : Starting ExpenselyBackendApplicationTests using Java 17.0.15 with PID 70621 (started by nikhilsaji in /Users/nikhilsaji/Desktop/Practise/expensely_backend)
2025-06-06T18:41:45.376-04:00  INFO 70621 --- [expensely_backend] [    Test worker] c.e.e.ExpenselyBackendApplicationTests   : No active profile set, falling back to 1 default profile: "default"
2025-06-06T18:41:45.597-04:00  INFO 70621 --- [expensely_backend] [    Test worker] .s.d.r.c.RepositoryConfigurationDelegate : Bootstrapping Spring Data JPA repositories in DEFAULT mode.
2025-06-06T18:41:45.619-04:00  INFO 70621 --- [expensely_backend] [    Test worker] .s.d.r.c.RepositoryConfigurationDelegate : Finished Spring Data repository scanning in 18 ms. Found 5 JPA repository interfaces.
2025-06-06T18:41:45.775-04:00  INFO 70621 --- [expensely_backend] [    Test worker] o.hibernate.jpa.internal.util.LogHelper  : HHH000204: Processing PersistenceUnitInfo [name: default]
2025-06-06T18:41:45.789-04:00  INFO 70621 --- [expensely_backend] [    Test worker] org.hibernate.Version                    : HHH000412: Hibernate ORM core version 6.6.15.Final
2025-06-06T18:41:45.800-04:00  INFO 70621 --- [expensely_backend] [    Test worker] o.h.c.internal.RegionFactoryInitiator    : HHH000026: Second-level cache disabled
2025-06-06T18:41:45.880-04:00  INFO 70621 --- [expensely_backend] [    Test worker] o.s.o.j.p.SpringPersistenceUnitInfo      : No LoadTimeWeaver setup: ignoring JPA class transformer
2025-06-06T18:41:45.889-04:00  INFO 70621 --- [expensely_backend] [    Test worker] com.zaxxer.hikari.HikariDataSource       : HikariPool-1 - Starting...
2025-06-06T18:41:46.367-04:00  INFO 70621 --- [expensely_backend] [    Test worker] com.zaxxer.hikari.pool.HikariPool        : HikariPool-1 - Added connection org.postgresql.jdbc.PgConnection@6fa3def8
2025-06-06T18:41:46.368-04:00  INFO 70621 --- [expensely_backend] [    Test worker] com.zaxxer.hikari.HikariDataSource       : HikariPool-1 - Start completed.
2025-06-06T18:41:46.420-04:00  WARN 70621 --- [expensely_backend] [    Test worker] org.hibernate.orm.deprecation            : HHH90000025: PostgreSQLDialect does not need to be specified explicitly using 'hibernate.dialect' (remove the property setting and it will be selected by default)
2025-06-06T18:41:46.497-04:00  INFO 70621 --- [expensely_backend] [    Test worker] org.hibernate.orm.connections.pooling    : HHH10001005: Database info:
	Database JDBC URL [Connecting through datasource 'HikariDataSource (HikariPool-1)']
	Database driver: undefined/unknown
	Database version: 17.5
	Autocommit mode: undefined/unknown
	Isolation level: undefined/unknown
	Minimum pool size: undefined/unknown
	Maximum pool size: undefined/unknown
2025-06-06T18:41:46.795-04:00  INFO 70621 --- [expensely_backend] [    Test worker] o.h.e.t.j.p.i.JtaPlatformInitiator       : HHH000489: No JTA platform available (set 'hibernate.transaction.jta.platform' to enable JTA platform integration)
2025-06-06T18:41:48.317-04:00  INFO 70621 --- [expensely_backend] [    Test worker] j.LocalContainerEntityManagerFactoryBean : Initialized JPA EntityManagerFactory for persistence unit 'default'
2025-06-06T18:41:48.486-04:00  WARN 70621 --- [expensely_backend] [    Test worker] JpaBaseConfiguration$JpaWebConfiguration : spring.jpa.open-in-view is enabled by default. Therefore, database queries may be performed during view rendering. Explicitly configure spring.jpa.open-in-view to disable this warning
2025-06-06T18:41:48.496-04:00  WARN 70621 --- [expensely_backend] [    Test worker] .s.s.UserDetailsServiceAutoConfiguration : 

Using generated security password: f3d78567-3a4d-4e5c-8c79-98bce826a820

This generated password is for development use only. Your security configuration must be updated before running your application in production.

2025-06-06T18:41:48.498-04:00  INFO 70621 --- [expensely_backend] [    Test worker] r$InitializeUserDetailsManagerConfigurer : Global AuthenticationManager configured with UserDetailsService bean with name inMemoryUserDetailsManager
2025-06-06T18:41:48.707-04:00  INFO 70621 --- [expensely_backend] [    Test worker] c.e.e.ExpenselyBackendApplicationTests   : Started ExpenselyBackendApplicationTests in 3.424 seconds (process running for 3.834)
]]></system-out>
  <system-err><![CDATA[]]></system-err>
</testsuite>
