<?xml version="1.0" encoding="UTF-8"?>
<testsuite name="com.example.expensely_backend.ExpenselyBackendApplicationTests" tests="1" skipped="0" failures="0" errors="0" timestamp="2025-06-06T23:19:37.769Z" hostname="Nikhils-Mac.local" time="0.228">
  <properties/>
  <testcase name="contextLoads()" classname="com.example.expensely_backend.ExpenselyBackendApplicationTests" time="0.228"/>
  <system-out><![CDATA[19:19:34.112 [Test worker] INFO org.springframework.test.context.support.AnnotationConfigContextLoaderUtils -- Could not detect default configuration classes for test class [com.example.expensely_backend.ExpenselyBackendApplicationTests]: ExpenselyBackendApplicationTests does not declare any static, non-private, non-final, nested classes annotated with @Configuration.
19:19:34.149 [Test worker] INFO org.springframework.boot.test.context.SpringBootTestContextBootstrapper -- Found @SpringBootConfiguration com.example.expensely_backend.ExpenselyBackendApplication for test class com.example.expensely_backend.ExpenselyBackendApplicationTests

  .   ____          _            __ _ _
 /\\ / ___'_ __ _ _(_)_ __  __ _ \ \ \ \
( ( )\___ | '_ | '_| | '_ \/ _` | \ \ \ \
 \\/  ___)| |_)| | | | | || (_| |  ) ) ) )
  '  |____| .__|_| |_|_| |_\__, | / / / /
 =========|_|==============|___/=/_/_/_/

 :: Spring Boot ::                (v3.5.0)

2025-06-06T19:19:34.290-04:00  INFO 79906 --- [expensely_backend] [    Test worker] c.e.e.ExpenselyBackendApplicationTests   : Starting ExpenselyBackendApplicationTests using Java 17.0.15 with PID 79906 (started by nikhilsaji in /Users/nikhilsaji/Desktop/Practise/expensely_backend)
2025-06-06T19:19:34.291-04:00  INFO 79906 --- [expensely_backend] [    Test worker] c.e.e.ExpenselyBackendApplicationTests   : No active profile set, falling back to 1 default profile: "default"
2025-06-06T19:19:34.534-04:00  INFO 79906 --- [expensely_backend] [    Test worker] .s.d.r.c.RepositoryConfigurationDelegate : Bootstrapping Spring Data JPA repositories in DEFAULT mode.
2025-06-06T19:19:34.554-04:00  INFO 79906 --- [expensely_backend] [    Test worker] .s.d.r.c.RepositoryConfigurationDelegate : Finished Spring Data repository scanning in 17 ms. Found 5 JPA repository interfaces.
2025-06-06T19:19:34.719-04:00  INFO 79906 --- [expensely_backend] [    Test worker] o.hibernate.jpa.internal.util.LogHelper  : HHH000204: Processing PersistenceUnitInfo [name: default]
2025-06-06T19:19:34.732-04:00  INFO 79906 --- [expensely_backend] [    Test worker] org.hibernate.Version                    : HHH000412: Hibernate ORM core version 6.6.15.Final
2025-06-06T19:19:34.745-04:00  INFO 79906 --- [expensely_backend] [    Test worker] o.h.c.internal.RegionFactoryInitiator    : HHH000026: Second-level cache disabled
2025-06-06T19:19:34.834-04:00  INFO 79906 --- [expensely_backend] [    Test worker] o.s.o.j.p.SpringPersistenceUnitInfo      : No LoadTimeWeaver setup: ignoring JPA class transformer
2025-06-06T19:19:34.844-04:00  INFO 79906 --- [expensely_backend] [    Test worker] com.zaxxer.hikari.HikariDataSource       : HikariPool-1 - Starting...
2025-06-06T19:19:35.347-04:00  INFO 79906 --- [expensely_backend] [    Test worker] com.zaxxer.hikari.pool.HikariPool        : HikariPool-1 - Added connection org.postgresql.jdbc.PgConnection@478089b6
2025-06-06T19:19:35.348-04:00  INFO 79906 --- [expensely_backend] [    Test worker] com.zaxxer.hikari.HikariDataSource       : HikariPool-1 - Start completed.
2025-06-06T19:19:35.406-04:00  WARN 79906 --- [expensely_backend] [    Test worker] org.hibernate.orm.deprecation            : HHH90000025: PostgreSQLDialect does not need to be specified explicitly using 'hibernate.dialect' (remove the property setting and it will be selected by default)
2025-06-06T19:19:35.481-04:00  INFO 79906 --- [expensely_backend] [    Test worker] org.hibernate.orm.connections.pooling    : HHH10001005: Database info:
	Database JDBC URL [Connecting through datasource 'HikariDataSource (HikariPool-1)']
	Database driver: undefined/unknown
	Database version: 17.5
	Autocommit mode: undefined/unknown
	Isolation level: undefined/unknown
	Minimum pool size: undefined/unknown
	Maximum pool size: undefined/unknown
2025-06-06T19:19:35.784-04:00  INFO 79906 --- [expensely_backend] [    Test worker] o.h.e.t.j.p.i.JtaPlatformInitiator       : HHH000489: No JTA platform available (set 'hibernate.transaction.jta.platform' to enable JTA platform integration)
2025-06-06T19:19:37.370-04:00  INFO 79906 --- [expensely_backend] [    Test worker] j.LocalContainerEntityManagerFactoryBean : Initialized JPA EntityManagerFactory for persistence unit 'default'
2025-06-06T19:19:37.547-04:00  WARN 79906 --- [expensely_backend] [    Test worker] JpaBaseConfiguration$JpaWebConfiguration : spring.jpa.open-in-view is enabled by default. Therefore, database queries may be performed during view rendering. Explicitly configure spring.jpa.open-in-view to disable this warning
2025-06-06T19:19:37.560-04:00  WARN 79906 --- [expensely_backend] [    Test worker] .s.s.UserDetailsServiceAutoConfiguration : 

Using generated security password: 4c2522b6-ca92-4130-986d-1f44b3b9e110

This generated password is for development use only. Your security configuration must be updated before running your application in production.

2025-06-06T19:19:37.563-04:00  INFO 79906 --- [expensely_backend] [    Test worker] r$InitializeUserDetailsManagerConfigurer : Global AuthenticationManager configured with UserDetailsService bean with name inMemoryUserDetailsManager
2025-06-06T19:19:37.762-04:00  INFO 79906 --- [expensely_backend] [    Test worker] c.e.e.ExpenselyBackendApplicationTests   : Started ExpenselyBackendApplicationTests in 3.565 seconds (process running for 3.987)
]]></system-out>
  <system-err><![CDATA[]]></system-err>
</testsuite>
